<?xml version="1.0" encoding="UTF-8"?>
<!-- Generated by org.testng.reporters.JUnitReportReporter -->
<testsuite hostname="Nilay" failures="0" tests="1" name="SeleniumFramework.SubmitOrder" time="29.333" errors="0" timestamp="2024-10-11T23:38:30 BST" skipped="0">
  <testcase classname="SeleniumFramework.SubmitOrder" name="SubmitOrder" time="29.333"/>
  <system-out/>
</testsuite> <!-- SeleniumFramework.SubmitOrder -->
